[debug] [2021-07-22T21:54:44.980Z] ----------------------------------------------------------------------
[debug] [2021-07-22T21:54:44.982Z] Command:       C:\Program Files\nodejs\node.exe C:\Users\adars\AppData\Roaming\npm\node_modules\firebase-tools\lib\bin\firebase.js emulators:start
[debug] [2021-07-22T21:54:44.983Z] CLI Version:   9.16.0
[debug] [2021-07-22T21:54:44.983Z] Platform:      win32
[debug] [2021-07-22T21:54:44.983Z] Node Version:  v14.17.3
[debug] [2021-07-22T21:54:44.984Z] Time:          Fri Jul 23 2021 03:24:44 GMT+0530 (India Standard Time)
[debug] [2021-07-22T21:54:44.984Z] ----------------------------------------------------------------------
[debug] 
[debug] [2021-07-22T21:54:45.055Z] > command requires scopes: ["email","openid","https://www.googleapis.com/auth/cloudplatformprojects.readonly","https://www.googleapis.com/auth/firebase","https://www.googleapis.com/auth/cloud-platform"]
[debug] [2021-07-22T21:54:45.055Z] > authorizing via signed-in user (adarsh.infinite@gmail.com)
[info] i  emulators: Starting emulators: functions, hosting {"metadata":{"emulator":{"name":"hub"},"message":"Starting emulators: functions, hosting"}}
[debug] [2021-07-22T21:54:45.080Z] [hub] writing locator at C:\Users\adars\AppData\Local\Temp\hub-challenge-603b1.json
[warn] !  functions: The following emulators are not running, calls to these services from the Functions emulator will affect production: auth, firestore, database, pubsub, storage {"metadata":{"emulator":{"name":"functions"},"message":"The following emulators are not running, calls to these services from the Functions emulator will affect production: \u001b[1mauth, firestore, database, pubsub, storage\u001b[22m"}}
[info] +  functions: Using node@14 from host. {"metadata":{"emulator":{"name":"functions"},"message":"Using node@14 from host."}}
[debug] [2021-07-22T21:54:45.112Z] defaultcredentials: writing to file C:\Users\adars\AppData\Roaming\firebase\adarsh_infinite_gmail.com_application_default_credentials.json
[debug] [2021-07-22T21:54:45.114Z] Setting GAC to C:\Users\adars\AppData\Roaming\firebase\adarsh_infinite_gmail.com_application_default_credentials.json {"metadata":{"emulator":{"name":"functions"},"message":"Setting GAC to C:\\Users\\adars\\AppData\\Roaming\\firebase\\adarsh_infinite_gmail.com_application_default_credentials.json"}}
[debug] [2021-07-22T21:54:45.119Z] >>> [apiv2][query] GET https://firebase.googleapis.com/v1beta1/projects/challenge-603b1/adminSdkConfig [none]
[debug] [2021-07-22T21:54:45.823Z] <<< [apiv2][status] GET https://firebase.googleapis.com/v1beta1/projects/challenge-603b1/adminSdkConfig 200
[debug] [2021-07-22T21:54:45.823Z] <<< [apiv2][body] GET https://firebase.googleapis.com/v1beta1/projects/challenge-603b1/adminSdkConfig {"projectId":"challenge-603b1","databaseURL":"https://challenge-603b1-default-rtdb.firebaseio.com","storageBucket":"challenge-603b1.appspot.com","locationId":"asia-south1"}
[debug] [2021-07-22T21:54:45.863Z] >>> [apiv2][query] GET https://firebasehosting.googleapis.com/v1beta1/projects/challenge-603b1/sites 
[debug] [2021-07-22T21:54:47.652Z] <<< [apiv2][status] GET https://firebasehosting.googleapis.com/v1beta1/projects/challenge-603b1/sites 200
[debug] [2021-07-22T21:54:47.652Z] <<< [apiv2][body] GET https://firebasehosting.googleapis.com/v1beta1/projects/challenge-603b1/sites {"sites":[{"name":"projects/749250139857/sites/challenge-603b1","defaultUrl":"https://challenge-603b1.web.app","appId":"1:749250139857:web:81abd52493d83e00ab57f0","type":"DEFAULT_SITE"}]}
[debug] [2021-07-22T21:54:47.653Z] >>> [apiv2][query] GET https://firebase.googleapis.com/v1beta1/projects/challenge-603b1/webApps/1:749250139857:web:81abd52493d83e00ab57f0/config [none]
[debug] [2021-07-22T21:54:48.984Z] <<< [apiv2][status] GET https://firebase.googleapis.com/v1beta1/projects/challenge-603b1/webApps/1:749250139857:web:81abd52493d83e00ab57f0/config 200
[debug] [2021-07-22T21:54:48.985Z] <<< [apiv2][body] GET https://firebase.googleapis.com/v1beta1/projects/challenge-603b1/webApps/1:749250139857:web:81abd52493d83e00ab57f0/config {"projectId":"challenge-603b1","appId":"1:749250139857:web:81abd52493d83e00ab57f0","databaseURL":"https://challenge-603b1-default-rtdb.firebaseio.com","storageBucket":"challenge-603b1.appspot.com","locationId":"asia-south1","apiKey":"AIzaSyB0UwYuajR-upZ06U-2ns1PgYcKbbTgEXE","authDomain":"challenge-603b1.firebaseapp.com","messagingSenderId":"749250139857","measurementId":"G-P5M2GJC7KT"}
[info] i  hosting: Serving hosting files from: build {"metadata":{"emulator":{"name":"hosting"},"message":"Serving hosting files from: \u001b[1mbuild\u001b[22m"}}
[info] +  hosting: Local server: http://localhost:5000 {"metadata":{"emulator":{"name":"hosting"},"message":"Local server: \u001b[4m\u001b[1mhttp://localhost:5000\u001b[22m\u001b[24m"}}
[debug] [2021-07-22T21:54:49.255Z] Ignoring unsupported arg: auto_download {"metadata":{"emulator":{"name":"ui"},"message":"Ignoring unsupported arg: auto_download"}}
[debug] [2021-07-22T21:54:49.256Z] Ignoring unsupported arg: port {"metadata":{"emulator":{"name":"ui"},"message":"Ignoring unsupported arg: port"}}
[debug] [2021-07-22T21:54:49.256Z] Starting Emulator UI with command {"binary":"node","args":["C:\\Users\\adars\\.cache\\firebase\\emulators\\ui-v1.6.0\\server.bundle.js"],"optionalArgs":[],"joinArgs":false} {"metadata":{"emulator":{"name":"ui"},"message":"Starting Emulator UI with command {\"binary\":\"node\",\"args\":[\"C:\\\\Users\\\\adars\\\\.cache\\\\firebase\\\\emulators\\\\ui-v1.6.0\\\\server.bundle.js\"],\"optionalArgs\":[],\"joinArgs\":false}"}}
[info] i  ui: Emulator UI logging to ui-debug.log {"metadata":{"emulator":{"name":"ui"},"message":"Emulator UI logging to \u001b[1mui-debug.log\u001b[22m"}}
[debug] [2021-07-22T21:54:49.436Z] Web / API server started at localhost:4000
 {"metadata":{"emulator":{"name":"ui"},"message":"Web / API server started at localhost:4000\n"}}
[info] i  functions: Watching "C:\Users\adars\Desktop\amazon-clone\functions" for Cloud Functions... {"metadata":{"emulator":{"name":"functions"},"message":"Watching \"C:\\Users\\adars\\Desktop\\amazon-clone\\functions\" for Cloud Functions..."}}
[debug] [2021-07-22T21:54:49.536Z] [worker-pool] addWorker(~diagnostic~) {"metadata":{"emulator":{"name":"functions"},"message":"[worker-pool] addWorker(~diagnostic~)"}}
[debug] [2021-07-22T21:54:49.537Z] [worker-pool] Adding worker with key ~diagnostic~, total=1 {"metadata":{"emulator":{"name":"functions"},"message":"[worker-pool] Adding worker with key ~diagnostic~, total=1"}}
[debug] [2021-07-22T21:54:49.537Z] [worker-pool] submitWork(triggerId=) {"metadata":{"emulator":{"name":"functions"},"message":"[worker-pool] submitWork(triggerId=)"}}
[debug] [2021-07-22T21:54:49.538Z] [worker-~diagnostic~-a89fec68-2831-4424-9310-93dea8dc7fc2]: Assigning socketPath: \\?\pipe\C:\Users\adars\Desktop\amazon-clone\functions\11104 {"metadata":{"emulator":{"name":"functions"},"message":"[worker-~diagnostic~-a89fec68-2831-4424-9310-93dea8dc7fc2]: Assigning socketPath: \\\\?\\pipe\\C:\\Users\\adars\\Desktop\\amazon-clone\\functions\\11104"}}
[debug] [2021-07-22T21:54:49.539Z] [worker-~diagnostic~-a89fec68-2831-4424-9310-93dea8dc7fc2]: BUSY {"metadata":{"emulator":{"name":"functions"},"message":"[worker-~diagnostic~-a89fec68-2831-4424-9310-93dea8dc7fc2]: BUSY"}}
[debug] [2021-07-22T21:54:49.783Z] [runtime-status] [11104] Functions runtime initialized. {"cwd":"C:\\Users\\adars\\Desktop\\amazon-clone\\functions","node_version":"14.17.3"} {"metadata":{"emulator":{"name":"functions"},"message":"[runtime-status] [11104] Functions runtime initialized. {\"cwd\":\"C:\\\\Users\\\\adars\\\\Desktop\\\\amazon-clone\\\\functions\",\"node_version\":\"14.17.3\"}"}}
[debug] [2021-07-22T21:54:49.785Z] [runtime-status] [11104] Disabled runtime features: undefined {"metadata":{"emulator":{"name":"functions"},"message":"[runtime-status] [11104] Disabled runtime features: undefined"}}
[debug] [2021-07-22T21:54:49.788Z] [runtime-status] [11104] Resolved module firebase-admin {"declared":true,"installed":true,"version":"9.11.0","resolution":"C:\\Users\\adars\\Desktop\\amazon-clone\\functions\\node_modules\\firebase-admin\\lib\\index.js"} {"metadata":{"emulator":{"name":"functions"},"message":"[runtime-status] [11104] Resolved module firebase-admin {\"declared\":true,\"installed\":true,\"version\":\"9.11.0\",\"resolution\":\"C:\\\\Users\\\\adars\\\\Desktop\\\\amazon-clone\\\\functions\\\\node_modules\\\\firebase-admin\\\\lib\\\\index.js\"}"}}
[debug] [2021-07-22T21:54:49.790Z] [runtime-status] [11104] Resolved module firebase-functions {"declared":true,"installed":true,"version":"3.14.1","resolution":"C:\\Users\\adars\\Desktop\\amazon-clone\\functions\\node_modules\\firebase-functions\\lib\\index.js"} {"metadata":{"emulator":{"name":"functions"},"message":"[runtime-status] [11104] Resolved module firebase-functions {\"declared\":true,\"installed\":true,\"version\":\"3.14.1\",\"resolution\":\"C:\\\\Users\\\\adars\\\\Desktop\\\\amazon-clone\\\\functions\\\\node_modules\\\\firebase-functions\\\\lib\\\\index.js\"}"}}
[debug] [2021-07-22T21:54:49.792Z] [runtime-status] [11104] Resolved module firebase-functions {"declared":true,"installed":true,"version":"3.14.1","resolution":"C:\\Users\\adars\\Desktop\\amazon-clone\\functions\\node_modules\\firebase-functions\\lib\\index.js"} {"metadata":{"emulator":{"name":"functions"},"message":"[runtime-status] [11104] Resolved module firebase-functions {\"declared\":true,\"installed\":true,\"version\":\"3.14.1\",\"resolution\":\"C:\\\\Users\\\\adars\\\\Desktop\\\\amazon-clone\\\\functions\\\\node_modules\\\\firebase-functions\\\\lib\\\\index.js\"}"}}
[debug] [2021-07-22T21:54:49.793Z] [runtime-status] [11104] Outgoing network have been stubbed. [{"name":"http","status":"mocked"},{"name":"http","status":"mocked"},{"name":"https","status":"mocked"},{"name":"https","status":"mocked"},{"name":"net","status":"mocked"}] {"metadata":{"emulator":{"name":"functions"},"message":"[runtime-status] [11104] Outgoing network have been stubbed. [{\"name\":\"http\",\"status\":\"mocked\"},{\"name\":\"http\",\"status\":\"mocked\"},{\"name\":\"https\",\"status\":\"mocked\"},{\"name\":\"https\",\"status\":\"mocked\"},{\"name\":\"net\",\"status\":\"mocked\"}]"}}
[debug] [2021-07-22T21:54:49.794Z] [runtime-status] [11104] Resolved module firebase-functions {"declared":true,"installed":true,"version":"3.14.1","resolution":"C:\\Users\\adars\\Desktop\\amazon-clone\\functions\\node_modules\\firebase-functions\\lib\\index.js"} {"metadata":{"emulator":{"name":"functions"},"message":"[runtime-status] [11104] Resolved module firebase-functions {\"declared\":true,\"installed\":true,\"version\":\"3.14.1\",\"resolution\":\"C:\\\\Users\\\\adars\\\\Desktop\\\\amazon-clone\\\\functions\\\\node_modules\\\\firebase-functions\\\\lib\\\\index.js\"}"}}
[debug] [2021-07-22T21:54:49.843Z] [runtime-status] [11104] Checked functions.config() {"config":{}} {"metadata":{"emulator":{"name":"functions"},"message":"[runtime-status] [11104] Checked functions.config() {\"config\":{}}"}}
[debug] [2021-07-22T21:54:49.843Z] [runtime-status] [11104] firebase-functions has been stubbed. {"functionsResolution":{"declared":true,"installed":true,"version":"3.14.1","resolution":"C:\\Users\\adars\\Desktop\\amazon-clone\\functions\\node_modules\\firebase-functions\\lib\\index.js"}} {"metadata":{"emulator":{"name":"functions"},"message":"[runtime-status] [11104] firebase-functions has been stubbed. {\"functionsResolution\":{\"declared\":true,\"installed\":true,\"version\":\"3.14.1\",\"resolution\":\"C:\\\\Users\\\\adars\\\\Desktop\\\\amazon-clone\\\\functions\\\\node_modules\\\\firebase-functions\\\\lib\\\\index.js\"}}"}}
[debug] [2021-07-22T21:54:49.844Z] [runtime-status] [11104] Resolved module firebase-functions {"declared":true,"installed":true,"version":"3.14.1","resolution":"C:\\Users\\adars\\Desktop\\amazon-clone\\functions\\node_modules\\firebase-functions\\lib\\index.js"} {"metadata":{"emulator":{"name":"functions"},"message":"[runtime-status] [11104] Resolved module firebase-functions {\"declared\":true,\"installed\":true,\"version\":\"3.14.1\",\"resolution\":\"C:\\\\Users\\\\adars\\\\Desktop\\\\amazon-clone\\\\functions\\\\node_modules\\\\firebase-functions\\\\lib\\\\index.js\"}"}}
[debug] [2021-07-22T21:54:49.845Z] [runtime-status] [11104] Resolved module firebase-admin {"declared":true,"installed":true,"version":"9.11.0","resolution":"C:\\Users\\adars\\Desktop\\amazon-clone\\functions\\node_modules\\firebase-admin\\lib\\index.js"} {"metadata":{"emulator":{"name":"functions"},"message":"[runtime-status] [11104] Resolved module firebase-admin {\"declared\":true,\"installed\":true,\"version\":\"9.11.0\",\"resolution\":\"C:\\\\Users\\\\adars\\\\Desktop\\\\amazon-clone\\\\functions\\\\node_modules\\\\firebase-admin\\\\lib\\\\index.js\"}"}}
[debug] [2021-07-22T21:54:49.846Z] [runtime-status] [11104] Resolved module firebase-functions {"declared":true,"installed":true,"version":"3.14.1","resolution":"C:\\Users\\adars\\Desktop\\amazon-clone\\functions\\node_modules\\firebase-functions\\lib\\index.js"} {"metadata":{"emulator":{"name":"functions"},"message":"[runtime-status] [11104] Resolved module firebase-functions {\"declared\":true,\"installed\":true,\"version\":\"3.14.1\",\"resolution\":\"C:\\\\Users\\\\adars\\\\Desktop\\\\amazon-clone\\\\functions\\\\node_modules\\\\firebase-functions\\\\lib\\\\index.js\"}"}}
[debug] [2021-07-22T21:54:49.846Z] [runtime-status] [11104] firebase-admin has been stubbed. {"adminResolution":{"declared":true,"installed":true,"version":"9.11.0","resolution":"C:\\Users\\adars\\Desktop\\amazon-clone\\functions\\node_modules\\firebase-admin\\lib\\index.js"}} {"metadata":{"emulator":{"name":"functions"},"message":"[runtime-status] [11104] firebase-admin has been stubbed. {\"adminResolution\":{\"declared\":true,\"installed\":true,\"version\":\"9.11.0\",\"resolution\":\"C:\\\\Users\\\\adars\\\\Desktop\\\\amazon-clone\\\\functions\\\\node_modules\\\\firebase-admin\\\\lib\\\\index.js\"}}"}}
[info] +  functions[us-central1-api]: http function initialized (http://localhost:5001/challenge-603b1/us-central1/api). {"metadata":{"emulator":{"name":"functions"},"message":"\u001b[1mhttp\u001b[22m function initialized (http://localhost:5001/challenge-603b1/us-central1/api)."}}
[info] 
┌─────────────────────────────────────────────────────────────┐
│ ✔  All emulators ready! It is now safe to connect your app. │
│ i  View Emulator UI at http://localhost:4000                │
└─────────────────────────────────────────────────────────────┘

┌───────────┬────────────────┬─────────────────────────────────┐
│ Emulator  │ Host:Port      │ View in Emulator UI             │
├───────────┼────────────────┼─────────────────────────────────┤
│ Functions │ localhost:5001 │ http://localhost:4000/functions │
├───────────┼────────────────┼─────────────────────────────────┤
│ Hosting   │ localhost:5000 │ n/a                             │
└───────────┴────────────────┴─────────────────────────────────┘
  Emulator Hub running at localhost:4400
  Other reserved ports: 4500

Issues? Report them at https://github.com/firebase/firebase-tools/issues and attach the *-debug.log files.
 
[debug] [2021-07-22T21:54:50.032Z] [worker-~diagnostic~-a89fec68-2831-4424-9310-93dea8dc7fc2]: IDLE {"metadata":{"emulator":{"name":"functions"},"message":"[worker-~diagnostic~-a89fec68-2831-4424-9310-93dea8dc7fc2]: IDLE"}}
[debug] [2021-07-22T21:55:11.370Z] [work-queue] {"queueLength":1,"workRunningCount":0}
[debug] [2021-07-22T21:55:11.370Z] [work-queue] {"queueLength":0,"workRunningCount":1}
[debug] [2021-07-22T21:55:11.371Z] Accepted request GET /challenge-603b1/us-central1/api --> us-central1-api
[debug] [2021-07-22T21:55:11.380Z] [worker-pool] addWorker(us-central1-api) {"metadata":{"emulator":{"name":"functions"},"message":"[worker-pool] addWorker(us-central1-api)"}}
[debug] [2021-07-22T21:55:11.380Z] [worker-pool] Adding worker with key us-central1-api, total=1 {"metadata":{"emulator":{"name":"functions"},"message":"[worker-pool] Adding worker with key us-central1-api, total=1"}}
[debug] [2021-07-22T21:55:11.381Z] [worker-pool] submitWork(triggerId=us-central1-api) {"metadata":{"emulator":{"name":"functions"},"message":"[worker-pool] submitWork(triggerId=us-central1-api)"}}
[debug] [2021-07-22T21:55:11.381Z] [worker-us-central1-api-7b50a902-bfc5-448c-b56c-e3b0443a1ecb]: Assigning socketPath: \\?\pipe\C:\Users\adars\Desktop\amazon-clone\functions\9996 {"metadata":{"emulator":{"name":"functions"},"message":"[worker-us-central1-api-7b50a902-bfc5-448c-b56c-e3b0443a1ecb]: Assigning socketPath: \\\\?\\pipe\\C:\\Users\\adars\\Desktop\\amazon-clone\\functions\\9996"}}
[debug] [2021-07-22T21:55:11.381Z] [worker-us-central1-api-7b50a902-bfc5-448c-b56c-e3b0443a1ecb]: BUSY {"metadata":{"emulator":{"name":"functions"},"message":"[worker-us-central1-api-7b50a902-bfc5-448c-b56c-e3b0443a1ecb]: BUSY"}}
[debug] [2021-07-22T21:55:11.884Z] [runtime-status] [9996] Functions runtime initialized. {"cwd":"C:\\Users\\adars\\Desktop\\amazon-clone\\functions","node_version":"14.17.3"} {"metadata":{"emulator":{"name":"functions"},"function":{"name":"us-central1-api"},"message":"[runtime-status] [9996] Functions runtime initialized. {\"cwd\":\"C:\\\\Users\\\\adars\\\\Desktop\\\\amazon-clone\\\\functions\",\"node_version\":\"14.17.3\"}"}}
[debug] [2021-07-22T21:55:11.888Z] [runtime-status] [9996] Disabled runtime features: undefined {"metadata":{"emulator":{"name":"functions"},"function":{"name":"us-central1-api"},"message":"[runtime-status] [9996] Disabled runtime features: undefined"}}
[debug] [2021-07-22T21:55:11.892Z] [runtime-status] [9996] Resolved module firebase-admin {"declared":true,"installed":true,"version":"9.11.0","resolution":"C:\\Users\\adars\\Desktop\\amazon-clone\\functions\\node_modules\\firebase-admin\\lib\\index.js"} {"metadata":{"emulator":{"name":"functions"},"function":{"name":"us-central1-api"},"message":"[runtime-status] [9996] Resolved module firebase-admin {\"declared\":true,\"installed\":true,\"version\":\"9.11.0\",\"resolution\":\"C:\\\\Users\\\\adars\\\\Desktop\\\\amazon-clone\\\\functions\\\\node_modules\\\\firebase-admin\\\\lib\\\\index.js\"}"}}
[debug] [2021-07-22T21:55:11.894Z] [runtime-status] [9996] Resolved module firebase-functions {"declared":true,"installed":true,"version":"3.14.1","resolution":"C:\\Users\\adars\\Desktop\\amazon-clone\\functions\\node_modules\\firebase-functions\\lib\\index.js"} {"metadata":{"emulator":{"name":"functions"},"function":{"name":"us-central1-api"},"message":"[runtime-status] [9996] Resolved module firebase-functions {\"declared\":true,\"installed\":true,\"version\":\"3.14.1\",\"resolution\":\"C:\\\\Users\\\\adars\\\\Desktop\\\\amazon-clone\\\\functions\\\\node_modules\\\\firebase-functions\\\\lib\\\\index.js\"}"}}
[debug] [2021-07-22T21:55:11.896Z] [runtime-status] [9996] Resolved module firebase-functions {"declared":true,"installed":true,"version":"3.14.1","resolution":"C:\\Users\\adars\\Desktop\\amazon-clone\\functions\\node_modules\\firebase-functions\\lib\\index.js"} {"metadata":{"emulator":{"name":"functions"},"function":{"name":"us-central1-api"},"message":"[runtime-status] [9996] Resolved module firebase-functions {\"declared\":true,\"installed\":true,\"version\":\"3.14.1\",\"resolution\":\"C:\\\\Users\\\\adars\\\\Desktop\\\\amazon-clone\\\\functions\\\\node_modules\\\\firebase-functions\\\\lib\\\\index.js\"}"}}
[debug] [2021-07-22T21:55:11.898Z] [runtime-status] [9996] Outgoing network have been stubbed. [{"name":"http","status":"mocked"},{"name":"http","status":"mocked"},{"name":"https","status":"mocked"},{"name":"https","status":"mocked"},{"name":"net","status":"mocked"}] {"metadata":{"emulator":{"name":"functions"},"function":{"name":"us-central1-api"},"message":"[runtime-status] [9996] Outgoing network have been stubbed. [{\"name\":\"http\",\"status\":\"mocked\"},{\"name\":\"http\",\"status\":\"mocked\"},{\"name\":\"https\",\"status\":\"mocked\"},{\"name\":\"https\",\"status\":\"mocked\"},{\"name\":\"net\",\"status\":\"mocked\"}]"}}
[debug] [2021-07-22T21:55:11.899Z] [runtime-status] [9996] Resolved module firebase-functions {"declared":true,"installed":true,"version":"3.14.1","resolution":"C:\\Users\\adars\\Desktop\\amazon-clone\\functions\\node_modules\\firebase-functions\\lib\\index.js"} {"metadata":{"emulator":{"name":"functions"},"function":{"name":"us-central1-api"},"message":"[runtime-status] [9996] Resolved module firebase-functions {\"declared\":true,\"installed\":true,\"version\":\"3.14.1\",\"resolution\":\"C:\\\\Users\\\\adars\\\\Desktop\\\\amazon-clone\\\\functions\\\\node_modules\\\\firebase-functions\\\\lib\\\\index.js\"}"}}
[debug] [2021-07-22T21:55:11.969Z] [runtime-status] [9996] Checked functions.config() {"config":{}} {"metadata":{"emulator":{"name":"functions"},"function":{"name":"us-central1-api"},"message":"[runtime-status] [9996] Checked functions.config() {\"config\":{}}"}}
[debug] [2021-07-22T21:55:11.969Z] [runtime-status] [9996] firebase-functions has been stubbed. {"functionsResolution":{"declared":true,"installed":true,"version":"3.14.1","resolution":"C:\\Users\\adars\\Desktop\\amazon-clone\\functions\\node_modules\\firebase-functions\\lib\\index.js"}} {"metadata":{"emulator":{"name":"functions"},"function":{"name":"us-central1-api"},"message":"[runtime-status] [9996] firebase-functions has been stubbed. {\"functionsResolution\":{\"declared\":true,\"installed\":true,\"version\":\"3.14.1\",\"resolution\":\"C:\\\\Users\\\\adars\\\\Desktop\\\\amazon-clone\\\\functions\\\\node_modules\\\\firebase-functions\\\\lib\\\\index.js\"}}"}}
[debug] [2021-07-22T21:55:11.970Z] [runtime-status] [9996] Resolved module firebase-functions {"declared":true,"installed":true,"version":"3.14.1","resolution":"C:\\Users\\adars\\Desktop\\amazon-clone\\functions\\node_modules\\firebase-functions\\lib\\index.js"} {"metadata":{"emulator":{"name":"functions"},"function":{"name":"us-central1-api"},"message":"[runtime-status] [9996] Resolved module firebase-functions {\"declared\":true,\"installed\":true,\"version\":\"3.14.1\",\"resolution\":\"C:\\\\Users\\\\adars\\\\Desktop\\\\amazon-clone\\\\functions\\\\node_modules\\\\firebase-functions\\\\lib\\\\index.js\"}"}}
[debug] [2021-07-22T21:55:11.972Z] [runtime-status] [9996] Resolved module firebase-admin {"declared":true,"installed":true,"version":"9.11.0","resolution":"C:\\Users\\adars\\Desktop\\amazon-clone\\functions\\node_modules\\firebase-admin\\lib\\index.js"} {"metadata":{"emulator":{"name":"functions"},"function":{"name":"us-central1-api"},"message":"[runtime-status] [9996] Resolved module firebase-admin {\"declared\":true,\"installed\":true,\"version\":\"9.11.0\",\"resolution\":\"C:\\\\Users\\\\adars\\\\Desktop\\\\amazon-clone\\\\functions\\\\node_modules\\\\firebase-admin\\\\lib\\\\index.js\"}"}}
[debug] [2021-07-22T21:55:11.975Z] [runtime-status] [9996] Resolved module firebase-functions {"declared":true,"installed":true,"version":"3.14.1","resolution":"C:\\Users\\adars\\Desktop\\amazon-clone\\functions\\node_modules\\firebase-functions\\lib\\index.js"} {"metadata":{"emulator":{"name":"functions"},"function":{"name":"us-central1-api"},"message":"[runtime-status] [9996] Resolved module firebase-functions {\"declared\":true,\"installed\":true,\"version\":\"3.14.1\",\"resolution\":\"C:\\\\Users\\\\adars\\\\Desktop\\\\amazon-clone\\\\functions\\\\node_modules\\\\firebase-functions\\\\lib\\\\index.js\"}"}}
[debug] [2021-07-22T21:55:11.975Z] [runtime-status] [9996] firebase-admin has been stubbed. {"adminResolution":{"declared":true,"installed":true,"version":"9.11.0","resolution":"C:\\Users\\adars\\Desktop\\amazon-clone\\functions\\node_modules\\firebase-admin\\lib\\index.js"}} {"metadata":{"emulator":{"name":"functions"},"function":{"name":"us-central1-api"},"message":"[runtime-status] [9996] firebase-admin has been stubbed. {\"adminResolution\":{\"declared\":true,\"installed\":true,\"version\":\"9.11.0\",\"resolution\":\"C:\\\\Users\\\\adars\\\\Desktop\\\\amazon-clone\\\\functions\\\\node_modules\\\\firebase-admin\\\\lib\\\\index.js\"}}"}}
[debug] [2021-07-22T21:55:12.251Z] [runtime-status] [9996] Trigger "us-central1-api" has been found, beginning invocation! {"metadata":{"emulator":{"name":"functions"},"function":{"name":"us-central1-api"},"message":"[runtime-status] [9996] Trigger \"us-central1-api\" has been found, beginning invocation!"}}
[info] i  functions: Beginning execution of "us-central1-api" {"metadata":{"emulator":{"name":"functions"},"function":{"name":"us-central1-api"},"message":"Beginning execution of \"us-central1-api\""}}
[debug] [2021-07-22T21:55:12.253Z] [runtime-status] [9996] triggerDefinition {"httpsTrigger":{},"name":"api","entryPoint":"api","regions":["us-central1"],"region":"us-central1","id":"us-central1-api"} {"metadata":{"emulator":{"name":"functions"},"function":{"name":"us-central1-api"},"message":"[runtime-status] [9996] triggerDefinition {\"httpsTrigger\":{},\"name\":\"api\",\"entryPoint\":\"api\",\"regions\":[\"us-central1\"],\"region\":\"us-central1\",\"id\":\"us-central1-api\"}"}}
[debug] [2021-07-22T21:55:12.253Z] [runtime-status] [9996] Running us-central1-api in mode HTTPS {"metadata":{"emulator":{"name":"functions"},"function":{"name":"us-central1-api"},"message":"[runtime-status] [9996] Running us-central1-api in mode HTTPS"}}
[debug] [2021-07-22T21:55:12.258Z] [runtime-status] [9996] Attempting to listen to socketPath: \\?\pipe\C:\Users\adars\Desktop\amazon-clone\functions\9996 {"metadata":{"emulator":{"name":"functions"},"function":{"name":"us-central1-api"},"message":"[runtime-status] [9996] Attempting to listen to socketPath: \\\\?\\pipe\\C:\\Users\\adars\\Desktop\\amazon-clone\\functions\\9996"}}
[debug] [2021-07-22T21:55:12.261Z] [functions] Runtime ready! Sending request! {"metadata":{"emulator":{"name":"functions"},"message":"[functions] Runtime ready! Sending request!"}}
[debug] [2021-07-22T21:55:12.262Z] [functions] Got req.url=/challenge-603b1/us-central1/api, mapping to path=/ {"metadata":{"emulator":{"name":"functions"},"message":"[functions] Got req.url=/challenge-603b1/us-central1/api, mapping to path=/"}}
[debug] [2021-07-22T21:55:12.274Z] [runtime-status] [9996] Ephemeral server handling GET request {"metadata":{"emulator":{"name":"functions"},"function":{"name":"us-central1-api"},"message":"[runtime-status] [9996] Ephemeral server handling GET request"}}
[debug] [2021-07-22T21:55:12.286Z] [runtime-status] [9996] Ephemeral server survived. {"metadata":{"emulator":{"name":"functions"},"function":{"name":"us-central1-api"},"message":"[runtime-status] [9996] Ephemeral server survived."}}
[info] i  functions: Finished "us-central1-api" in ~1s {"metadata":{"emulator":{"name":"functions"},"function":{"name":"us-central1-api"},"message":"Finished \"us-central1-api\" in ~1s"}}
[debug] [2021-07-22T21:55:12.296Z] [worker-us-central1-api-7b50a902-bfc5-448c-b56c-e3b0443a1ecb]: IDLE {"metadata":{"emulator":{"name":"functions"},"message":"[worker-us-central1-api-7b50a902-bfc5-448c-b56c-e3b0443a1ecb]: IDLE"}}
[debug] [2021-07-22T21:55:12.296Z] [work-queue] {"queueLength":0,"workRunningCount":0}
[debug] [2021-07-22T21:56:09.039Z] [work-queue] {"queueLength":1,"workRunningCount":0}
[debug] [2021-07-22T21:56:09.039Z] [work-queue] {"queueLength":0,"workRunningCount":1}
[debug] [2021-07-22T21:56:09.039Z] Accepted request POST /challenge-603b1/us-central1/api/payments/create?total=1196 --> us-central1-api
[debug] [2021-07-22T21:56:09.039Z] [worker-pool] submitWork(triggerId=us-central1-api) {"metadata":{"emulator":{"name":"functions"},"message":"[worker-pool] submitWork(triggerId=us-central1-api)"}}
[debug] [2021-07-22T21:56:09.040Z] [worker-us-central1-api-7b50a902-bfc5-448c-b56c-e3b0443a1ecb]: Assigning socketPath: \\?\pipe\C:\Users\adars\Desktop\amazon-clone\functions\9996 {"metadata":{"emulator":{"name":"functions"},"message":"[worker-us-central1-api-7b50a902-bfc5-448c-b56c-e3b0443a1ecb]: Assigning socketPath: \\\\?\\pipe\\C:\\Users\\adars\\Desktop\\amazon-clone\\functions\\9996"}}
[debug] [2021-07-22T21:56:09.040Z] [worker-us-central1-api-7b50a902-bfc5-448c-b56c-e3b0443a1ecb]: BUSY {"metadata":{"emulator":{"name":"functions"},"message":"[worker-us-central1-api-7b50a902-bfc5-448c-b56c-e3b0443a1ecb]: BUSY"}}
[debug] [2021-07-22T21:56:09.040Z] [runtime-status] [9996] Trigger "us-central1-api" has been found, beginning invocation! {"metadata":{"emulator":{"name":"functions"},"function":{"name":"us-central1-api"},"message":"[runtime-status] [9996] Trigger \"us-central1-api\" has been found, beginning invocation!"}}
[info] i  functions: Beginning execution of "us-central1-api" {"metadata":{"emulator":{"name":"functions"},"function":{"name":"us-central1-api"},"message":"Beginning execution of \"us-central1-api\""}}
[debug] [2021-07-22T21:56:09.043Z] [runtime-status] [9996] triggerDefinition {"httpsTrigger":{},"name":"api","entryPoint":"api","regions":["us-central1"],"region":"us-central1","id":"us-central1-api"} {"metadata":{"emulator":{"name":"functions"},"function":{"name":"us-central1-api"},"message":"[runtime-status] [9996] triggerDefinition {\"httpsTrigger\":{},\"name\":\"api\",\"entryPoint\":\"api\",\"regions\":[\"us-central1\"],\"region\":\"us-central1\",\"id\":\"us-central1-api\"}"}}
[debug] [2021-07-22T21:56:09.043Z] [runtime-status] [9996] Running us-central1-api in mode HTTPS {"metadata":{"emulator":{"name":"functions"},"function":{"name":"us-central1-api"},"message":"[runtime-status] [9996] Running us-central1-api in mode HTTPS"}}
[debug] [2021-07-22T21:56:09.044Z] [runtime-status] [9996] Attempting to listen to socketPath: \\?\pipe\C:\Users\adars\Desktop\amazon-clone\functions\9996 {"metadata":{"emulator":{"name":"functions"},"function":{"name":"us-central1-api"},"message":"[runtime-status] [9996] Attempting to listen to socketPath: \\\\?\\pipe\\C:\\Users\\adars\\Desktop\\amazon-clone\\functions\\9996"}}
[debug] [2021-07-22T21:56:09.046Z] [functions] Runtime ready! Sending request! {"metadata":{"emulator":{"name":"functions"},"message":"[functions] Runtime ready! Sending request!"}}
[debug] [2021-07-22T21:56:09.047Z] [functions] Got req.url=/challenge-603b1/us-central1/api/payments/create?total=1196, mapping to path=/payments/create?total=1196 {"metadata":{"emulator":{"name":"functions"},"message":"[functions] Got req.url=/challenge-603b1/us-central1/api/payments/create?total=1196, mapping to path=/payments/create?total=1196"}}
[debug] [2021-07-22T21:56:09.053Z] [runtime-status] [9996] Ephemeral server handling POST request {"metadata":{"emulator":{"name":"functions"},"function":{"name":"us-central1-api"},"message":"[runtime-status] [9996] Ephemeral server handling POST request"}}
[info] >  Payment Request Recieved BOOM!!! for this amount >>>  1196 {"user":"Payment Request Recieved BOOM!!! for this amount >>>  1196","metadata":{"emulator":{"name":"functions"},"function":{"name":"us-central1-api"},"message":"\u001b[90m> \u001b[39m Payment Request Recieved BOOM!!! for this amount >>>  1196"}}
[debug] [2021-07-22T21:56:09.068Z] [runtime-status] [9996] Ephemeral server survived. {"metadata":{"emulator":{"name":"functions"},"function":{"name":"us-central1-api"},"message":"[runtime-status] [9996] Ephemeral server survived."}}
[info] i  functions: Finished "us-central1-api" in ~1s {"metadata":{"emulator":{"name":"functions"},"function":{"name":"us-central1-api"},"message":"Finished \"us-central1-api\" in ~1s"}}
[debug] [2021-07-22T21:56:09.846Z] [worker-us-central1-api-7b50a902-bfc5-448c-b56c-e3b0443a1ecb]: IDLE {"metadata":{"emulator":{"name":"functions"},"message":"[worker-us-central1-api-7b50a902-bfc5-448c-b56c-e3b0443a1ecb]: IDLE"}}
[debug] [2021-07-22T21:56:09.846Z] [work-queue] {"queueLength":0,"workRunningCount":0}
[debug] [2021-07-22T21:56:33.052Z] [work-queue] {"queueLength":1,"workRunningCount":0}
[debug] [2021-07-22T21:56:33.052Z] [work-queue] {"queueLength":0,"workRunningCount":1}
[debug] [2021-07-22T21:56:33.053Z] Accepted request POST /challenge-603b1/us-central1/api/payments/create?total=0 --> us-central1-api
[debug] [2021-07-22T21:56:33.053Z] [worker-pool] submitWork(triggerId=us-central1-api) {"metadata":{"emulator":{"name":"functions"},"message":"[worker-pool] submitWork(triggerId=us-central1-api)"}}
[debug] [2021-07-22T21:56:33.053Z] [worker-us-central1-api-7b50a902-bfc5-448c-b56c-e3b0443a1ecb]: Assigning socketPath: \\?\pipe\C:\Users\adars\Desktop\amazon-clone\functions\9996 {"metadata":{"emulator":{"name":"functions"},"message":"[worker-us-central1-api-7b50a902-bfc5-448c-b56c-e3b0443a1ecb]: Assigning socketPath: \\\\?\\pipe\\C:\\Users\\adars\\Desktop\\amazon-clone\\functions\\9996"}}
[debug] [2021-07-22T21:56:33.053Z] [worker-us-central1-api-7b50a902-bfc5-448c-b56c-e3b0443a1ecb]: BUSY {"metadata":{"emulator":{"name":"functions"},"message":"[worker-us-central1-api-7b50a902-bfc5-448c-b56c-e3b0443a1ecb]: BUSY"}}
[debug] [2021-07-22T21:56:33.054Z] [runtime-status] [9996] Trigger "us-central1-api" has been found, beginning invocation! {"metadata":{"emulator":{"name":"functions"},"function":{"name":"us-central1-api"},"message":"[runtime-status] [9996] Trigger \"us-central1-api\" has been found, beginning invocation!"}}
[info] i  functions: Beginning execution of "us-central1-api" {"metadata":{"emulator":{"name":"functions"},"function":{"name":"us-central1-api"},"message":"Beginning execution of \"us-central1-api\""}}
[debug] [2021-07-22T21:56:33.058Z] [runtime-status] [9996] triggerDefinition {"httpsTrigger":{},"name":"api","entryPoint":"api","regions":["us-central1"],"region":"us-central1","id":"us-central1-api"} {"metadata":{"emulator":{"name":"functions"},"function":{"name":"us-central1-api"},"message":"[runtime-status] [9996] triggerDefinition {\"httpsTrigger\":{},\"name\":\"api\",\"entryPoint\":\"api\",\"regions\":[\"us-central1\"],\"region\":\"us-central1\",\"id\":\"us-central1-api\"}"}}
[debug] [2021-07-22T21:56:33.058Z] [runtime-status] [9996] Running us-central1-api in mode HTTPS {"metadata":{"emulator":{"name":"functions"},"function":{"name":"us-central1-api"},"message":"[runtime-status] [9996] Running us-central1-api in mode HTTPS"}}
[debug] [2021-07-22T21:56:33.059Z] [runtime-status] [9996] Attempting to listen to socketPath: \\?\pipe\C:\Users\adars\Desktop\amazon-clone\functions\9996 {"metadata":{"emulator":{"name":"functions"},"function":{"name":"us-central1-api"},"message":"[runtime-status] [9996] Attempting to listen to socketPath: \\\\?\\pipe\\C:\\Users\\adars\\Desktop\\amazon-clone\\functions\\9996"}}
[debug] [2021-07-22T21:56:33.062Z] [functions] Runtime ready! Sending request! {"metadata":{"emulator":{"name":"functions"},"message":"[functions] Runtime ready! Sending request!"}}
[debug] [2021-07-22T21:56:33.062Z] [functions] Got req.url=/challenge-603b1/us-central1/api/payments/create?total=0, mapping to path=/payments/create?total=0 {"metadata":{"emulator":{"name":"functions"},"message":"[functions] Got req.url=/challenge-603b1/us-central1/api/payments/create?total=0, mapping to path=/payments/create?total=0"}}
[debug] [2021-07-22T21:56:33.066Z] [runtime-status] [9996] Ephemeral server handling POST request {"metadata":{"emulator":{"name":"functions"},"function":{"name":"us-central1-api"},"message":"[runtime-status] [9996] Ephemeral server handling POST request"}}
[info] >  Payment Request Recieved BOOM!!! for this amount >>>  0 {"user":"Payment Request Recieved BOOM!!! for this amount >>>  0","metadata":{"emulator":{"name":"functions"},"function":{"name":"us-central1-api"},"message":"\u001b[90m> \u001b[39m Payment Request Recieved BOOM!!! for this amount >>>  0"}}
[debug] [2021-07-22T21:56:33.069Z] [runtime-status] [9996] Ephemeral server survived. {"metadata":{"emulator":{"name":"functions"},"function":{"name":"us-central1-api"},"message":"[runtime-status] [9996] Ephemeral server survived."}}
[info] >  (node:9996) UnhandledPromiseRejectionWarning: Error: This value must be greater than or equal to 1. {"user":"(node:9996) UnhandledPromiseRejectionWarning: Error: This value must be greater than or equal to 1.","metadata":{"emulator":{"name":"functions"},"function":{"name":"us-central1-api"},"message":"\u001b[90m> \u001b[39m (node:9996) UnhandledPromiseRejectionWarning: Error: This value must be greater than or equal to 1."}}
[info] >      at Function.generate (C:\Users\adars\Desktop\amazon-clone\functions\node_modules\stripe\lib\Error.js:40:16) {"user":"    at Function.generate (C:\\Users\\adars\\Desktop\\amazon-clone\\functions\\node_modules\\stripe\\lib\\Error.js:40:16)","metadata":{"emulator":{"name":"functions"},"function":{"name":"us-central1-api"},"message":"\u001b[90m> \u001b[39m     at Function.generate (C:\\Users\\adars\\Desktop\\amazon-clone\\functions\\node_modules\\stripe\\lib\\Error.js:40:16)"}}
[info] >      at IncomingMessage.<anonymous> (C:\Users\adars\Desktop\amazon-clone\functions\node_modules\stripe\lib\StripeResource.js:203:33) {"user":"    at IncomingMessage.<anonymous> (C:\\Users\\adars\\Desktop\\amazon-clone\\functions\\node_modules\\stripe\\lib\\StripeResource.js:203:33)","metadata":{"emulator":{"name":"functions"},"function":{"name":"us-central1-api"},"message":"\u001b[90m> \u001b[39m     at IncomingMessage.<anonymous> (C:\\Users\\adars\\Desktop\\amazon-clone\\functions\\node_modules\\stripe\\lib\\StripeResource.js:203:33)"}}
[info] >      at Object.onceWrapper (events.js:481:28) {"user":"    at Object.onceWrapper (events.js:481:28)","metadata":{"emulator":{"name":"functions"},"function":{"name":"us-central1-api"},"message":"\u001b[90m> \u001b[39m     at Object.onceWrapper (events.js:481:28)"}}
[info] >      at IncomingMessage.emit (events.js:387:35) {"user":"    at IncomingMessage.emit (events.js:387:35)","metadata":{"emulator":{"name":"functions"},"function":{"name":"us-central1-api"},"message":"\u001b[90m> \u001b[39m     at IncomingMessage.emit (events.js:387:35)"}}
[info] >      at endReadableNT (internal/streams/readable.js:1317:12) {"user":"    at endReadableNT (internal/streams/readable.js:1317:12)","metadata":{"emulator":{"name":"functions"},"function":{"name":"us-central1-api"},"message":"\u001b[90m> \u001b[39m     at endReadableNT (internal/streams/readable.js:1317:12)"}}
[info] >      at processTicksAndRejections (internal/process/task_queues.js:82:21) {"user":"    at processTicksAndRejections (internal/process/task_queues.js:82:21)","metadata":{"emulator":{"name":"functions"},"function":{"name":"us-central1-api"},"message":"\u001b[90m> \u001b[39m     at processTicksAndRejections (internal/process/task_queues.js:82:21)"}}
[info] >  (Use `node --trace-warnings ...` to show where the warning was created) {"user":"(Use `node --trace-warnings ...` to show where the warning was created)","metadata":{"emulator":{"name":"functions"},"function":{"name":"us-central1-api"},"message":"\u001b[90m> \u001b[39m (Use `node --trace-warnings ...` to show where the warning was created)"}}
[info] >  (node:9996) UnhandledPromiseRejectionWarning: Unhandled promise rejection. This error originated either by throwing inside of an async function without a catch block, or by rejecting a promise which was not handled with .catch(). To terminate the node process on unhandled promise rejection, use the CLI flag `--unhandled-rejections=strict` (see https://nodejs.org/api/cli.html#cli_unhandled_rejections_mode). (rejection id: 1) {"user":"(node:9996) UnhandledPromiseRejectionWarning: Unhandled promise rejection. This error originated either by throwing inside of an async function without a catch block, or by rejecting a promise which was not handled with .catch(). To terminate the node process on unhandled promise rejection, use the CLI flag `--unhandled-rejections=strict` (see https://nodejs.org/api/cli.html#cli_unhandled_rejections_mode). (rejection id: 1)","metadata":{"emulator":{"name":"functions"},"function":{"name":"us-central1-api"},"message":"\u001b[90m> \u001b[39m (node:9996) UnhandledPromiseRejectionWarning: Unhandled promise rejection. This error originated either by throwing inside of an async function without a catch block, or by rejecting a promise which was not handled with .catch(). To terminate the node process on unhandled promise rejection, use the CLI flag `--unhandled-rejections=strict` (see https://nodejs.org/api/cli.html#cli_unhandled_rejections_mode). (rejection id: 1)"}}
[info] >  (node:9996) [DEP0018] DeprecationWarning: Unhandled promise rejections are deprecated. In the future, promise rejections that are not handled will terminate the Node.js process with a non-zero exit code. {"user":"(node:9996) [DEP0018] DeprecationWarning: Unhandled promise rejections are deprecated. In the future, promise rejections that are not handled will terminate the Node.js process with a non-zero exit code.","metadata":{"emulator":{"name":"functions"},"function":{"name":"us-central1-api"},"message":"\u001b[90m> \u001b[39m (node:9996) [DEP0018] DeprecationWarning: Unhandled promise rejections are deprecated. In the future, promise rejections that are not handled will terminate the Node.js process with a non-zero exit code."}}
[warn] !  functions: Your function timed out after ~60s. To configure this timeout, see
      https://firebase.google.com/docs/functions/manage-functions#set_timeout_and_memory_allocation. {"metadata":{"emulator":{"name":"functions"},"function":{"name":"us-central1-api"},"message":"Your function timed out after ~60s. To configure this timeout, see\n      https://firebase.google.com/docs/functions/manage-functions#set_timeout_and_memory_allocation."}}
[info] >  C:\Users\adars\AppData\Roaming\npm\node_modules\firebase-tools\lib\emulator\functionsEmulatorRuntime.js:651 {"user":"C:\\Users\\adars\\AppData\\Roaming\\npm\\node_modules\\firebase-tools\\lib\\emulator\\functionsEmulatorRuntime.js:651\r","metadata":{"emulator":{"name":"functions"},"function":{"name":"us-central1-api"},"message":"\u001b[90m> \u001b[39m C:\\Users\\adars\\AppData\\Roaming\\npm\\node_modules\\firebase-tools\\lib\\emulator\\functionsEmulatorRuntime.js:651\r"}}
[info] >              throw new Error("Function timed out."); {"user":"            throw new Error(\"Function timed out.\");\r","metadata":{"emulator":{"name":"functions"},"function":{"name":"us-central1-api"},"message":"\u001b[90m> \u001b[39m             throw new Error(\"Function timed out.\");\r"}}
[info] >              ^ {"user":"            ^\r","metadata":{"emulator":{"name":"functions"},"function":{"name":"us-central1-api"},"message":"\u001b[90m> \u001b[39m             ^\r"}}
[info] >   {"user":"\r","metadata":{"emulator":{"name":"functions"},"function":{"name":"us-central1-api"},"message":"\u001b[90m> \u001b[39m \r"}}
[info] >  Error: Function timed out. {"user":"Error: Function timed out.\r","metadata":{"emulator":{"name":"functions"},"function":{"name":"us-central1-api"},"message":"\u001b[90m> \u001b[39m Error: Function timed out.\r"}}
[info] >      at Timeout._onTimeout (C:\Users\adars\AppData\Roaming\npm\node_modules\firebase-tools\lib\emulator\functionsEmulatorRuntime.js:651:19) {"user":"    at Timeout._onTimeout (C:\\Users\\adars\\AppData\\Roaming\\npm\\node_modules\\firebase-tools\\lib\\emulator\\functionsEmulatorRuntime.js:651:19)\r","metadata":{"emulator":{"name":"functions"},"function":{"name":"us-central1-api"},"message":"\u001b[90m> \u001b[39m     at Timeout._onTimeout (C:\\Users\\adars\\AppData\\Roaming\\npm\\node_modules\\firebase-tools\\lib\\emulator\\functionsEmulatorRuntime.js:651:19)\r"}}
[info] >      at listOnTimeout (internal/timers.js:557:17) {"user":"    at listOnTimeout (internal/timers.js:557:17)\r","metadata":{"emulator":{"name":"functions"},"function":{"name":"us-central1-api"},"message":"\u001b[90m> \u001b[39m     at listOnTimeout (internal/timers.js:557:17)\r"}}
[info] >      at processTimers (internal/timers.js:500:7) {"user":"    at processTimers (internal/timers.js:500:7)\r","metadata":{"emulator":{"name":"functions"},"function":{"name":"us-central1-api"},"message":"\u001b[90m> \u001b[39m     at processTimers (internal/timers.js:500:7)\r"}}
[debug] [2021-07-22T21:57:33.092Z] [worker-us-central1-api-7b50a902-bfc5-448c-b56c-e3b0443a1ecb]: exited {"metadata":{"emulator":{"name":"functions"},"message":"[worker-us-central1-api-7b50a902-bfc5-448c-b56c-e3b0443a1ecb]: exited"}}
[debug] [2021-07-22T21:57:33.093Z] [worker-us-central1-api-7b50a902-bfc5-448c-b56c-e3b0443a1ecb]: FINISHED {"metadata":{"emulator":{"name":"functions"},"message":"[worker-us-central1-api-7b50a902-bfc5-448c-b56c-e3b0443a1ecb]: FINISHED"}}
[debug] [2021-07-22T21:57:33.093Z] [work-queue] {"queueLength":0,"workRunningCount":0}
[debug] [2021-07-22T22:06:35.756Z] [work-queue] {"queueLength":1,"workRunningCount":0}
[debug] [2021-07-22T22:06:35.757Z] [work-queue] {"queueLength":0,"workRunningCount":1}
[debug] [2021-07-22T22:06:35.757Z] Accepted request POST /challenge-603b1/us-central1/api/payments/create?total=239000 --> us-central1-api
[debug] [2021-07-22T22:06:35.757Z] [worker-pool] Cleaned up workers for us-central1-api: 1 --> 0 {"metadata":{"emulator":{"name":"functions"},"message":"[worker-pool] Cleaned up workers for us-central1-api: 1 --> 0"}}
[debug] [2021-07-22T22:06:35.766Z] [worker-pool] addWorker(us-central1-api) {"metadata":{"emulator":{"name":"functions"},"message":"[worker-pool] addWorker(us-central1-api)"}}
[debug] [2021-07-22T22:06:35.766Z] [worker-pool] Adding worker with key us-central1-api, total=1 {"metadata":{"emulator":{"name":"functions"},"message":"[worker-pool] Adding worker with key us-central1-api, total=1"}}
[debug] [2021-07-22T22:06:35.766Z] [worker-pool] submitWork(triggerId=us-central1-api) {"metadata":{"emulator":{"name":"functions"},"message":"[worker-pool] submitWork(triggerId=us-central1-api)"}}
[debug] [2021-07-22T22:06:35.767Z] [worker-us-central1-api-810dc2ec-1458-4399-ae03-3f272becda78]: Assigning socketPath: \\?\pipe\C:\Users\adars\Desktop\amazon-clone\functions\11292 {"metadata":{"emulator":{"name":"functions"},"message":"[worker-us-central1-api-810dc2ec-1458-4399-ae03-3f272becda78]: Assigning socketPath: \\\\?\\pipe\\C:\\Users\\adars\\Desktop\\amazon-clone\\functions\\11292"}}
[debug] [2021-07-22T22:06:35.767Z] [worker-us-central1-api-810dc2ec-1458-4399-ae03-3f272becda78]: BUSY {"metadata":{"emulator":{"name":"functions"},"message":"[worker-us-central1-api-810dc2ec-1458-4399-ae03-3f272becda78]: BUSY"}}
[debug] [2021-07-22T22:06:36.524Z] [runtime-status] [11292] Functions runtime initialized. {"cwd":"C:\\Users\\adars\\Desktop\\amazon-clone\\functions","node_version":"14.17.3"} {"metadata":{"emulator":{"name":"functions"},"function":{"name":"us-central1-api"},"message":"[runtime-status] [11292] Functions runtime initialized. {\"cwd\":\"C:\\\\Users\\\\adars\\\\Desktop\\\\amazon-clone\\\\functions\",\"node_version\":\"14.17.3\"}"}}
[debug] [2021-07-22T22:06:36.528Z] [runtime-status] [11292] Disabled runtime features: undefined {"metadata":{"emulator":{"name":"functions"},"function":{"name":"us-central1-api"},"message":"[runtime-status] [11292] Disabled runtime features: undefined"}}
[debug] [2021-07-22T22:06:36.533Z] [runtime-status] [11292] Resolved module firebase-admin {"declared":true,"installed":true,"version":"9.11.0","resolution":"C:\\Users\\adars\\Desktop\\amazon-clone\\functions\\node_modules\\firebase-admin\\lib\\index.js"} {"metadata":{"emulator":{"name":"functions"},"function":{"name":"us-central1-api"},"message":"[runtime-status] [11292] Resolved module firebase-admin {\"declared\":true,\"installed\":true,\"version\":\"9.11.0\",\"resolution\":\"C:\\\\Users\\\\adars\\\\Desktop\\\\amazon-clone\\\\functions\\\\node_modules\\\\firebase-admin\\\\lib\\\\index.js\"}"}}
[debug] [2021-07-22T22:06:36.536Z] [runtime-status] [11292] Resolved module firebase-functions {"declared":true,"installed":true,"version":"3.14.1","resolution":"C:\\Users\\adars\\Desktop\\amazon-clone\\functions\\node_modules\\firebase-functions\\lib\\index.js"} {"metadata":{"emulator":{"name":"functions"},"function":{"name":"us-central1-api"},"message":"[runtime-status] [11292] Resolved module firebase-functions {\"declared\":true,\"installed\":true,\"version\":\"3.14.1\",\"resolution\":\"C:\\\\Users\\\\adars\\\\Desktop\\\\amazon-clone\\\\functions\\\\node_modules\\\\firebase-functions\\\\lib\\\\index.js\"}"}}
[debug] [2021-07-22T22:06:36.538Z] [runtime-status] [11292] Resolved module firebase-functions {"declared":true,"installed":true,"version":"3.14.1","resolution":"C:\\Users\\adars\\Desktop\\amazon-clone\\functions\\node_modules\\firebase-functions\\lib\\index.js"} {"metadata":{"emulator":{"name":"functions"},"function":{"name":"us-central1-api"},"message":"[runtime-status] [11292] Resolved module firebase-functions {\"declared\":true,\"installed\":true,\"version\":\"3.14.1\",\"resolution\":\"C:\\\\Users\\\\adars\\\\Desktop\\\\amazon-clone\\\\functions\\\\node_modules\\\\firebase-functions\\\\lib\\\\index.js\"}"}}
[debug] [2021-07-22T22:06:36.540Z] [runtime-status] [11292] Outgoing network have been stubbed. [{"name":"http","status":"mocked"},{"name":"http","status":"mocked"},{"name":"https","status":"mocked"},{"name":"https","status":"mocked"},{"name":"net","status":"mocked"}] {"metadata":{"emulator":{"name":"functions"},"function":{"name":"us-central1-api"},"message":"[runtime-status] [11292] Outgoing network have been stubbed. [{\"name\":\"http\",\"status\":\"mocked\"},{\"name\":\"http\",\"status\":\"mocked\"},{\"name\":\"https\",\"status\":\"mocked\"},{\"name\":\"https\",\"status\":\"mocked\"},{\"name\":\"net\",\"status\":\"mocked\"}]"}}
[debug] [2021-07-22T22:06:36.542Z] [runtime-status] [11292] Resolved module firebase-functions {"declared":true,"installed":true,"version":"3.14.1","resolution":"C:\\Users\\adars\\Desktop\\amazon-clone\\functions\\node_modules\\firebase-functions\\lib\\index.js"} {"metadata":{"emulator":{"name":"functions"},"function":{"name":"us-central1-api"},"message":"[runtime-status] [11292] Resolved module firebase-functions {\"declared\":true,\"installed\":true,\"version\":\"3.14.1\",\"resolution\":\"C:\\\\Users\\\\adars\\\\Desktop\\\\amazon-clone\\\\functions\\\\node_modules\\\\firebase-functions\\\\lib\\\\index.js\"}"}}
[debug] [2021-07-22T22:06:36.600Z] [runtime-status] [11292] Checked functions.config() {"config":{}} {"metadata":{"emulator":{"name":"functions"},"function":{"name":"us-central1-api"},"message":"[runtime-status] [11292] Checked functions.config() {\"config\":{}}"}}
[debug] [2021-07-22T22:06:36.600Z] [runtime-status] [11292] firebase-functions has been stubbed. {"functionsResolution":{"declared":true,"installed":true,"version":"3.14.1","resolution":"C:\\Users\\adars\\Desktop\\amazon-clone\\functions\\node_modules\\firebase-functions\\lib\\index.js"}} {"metadata":{"emulator":{"name":"functions"},"function":{"name":"us-central1-api"},"message":"[runtime-status] [11292] firebase-functions has been stubbed. {\"functionsResolution\":{\"declared\":true,\"installed\":true,\"version\":\"3.14.1\",\"resolution\":\"C:\\\\Users\\\\adars\\\\Desktop\\\\amazon-clone\\\\functions\\\\node_modules\\\\firebase-functions\\\\lib\\\\index.js\"}}"}}
[debug] [2021-07-22T22:06:36.601Z] [runtime-status] [11292] Resolved module firebase-functions {"declared":true,"installed":true,"version":"3.14.1","resolution":"C:\\Users\\adars\\Desktop\\amazon-clone\\functions\\node_modules\\firebase-functions\\lib\\index.js"} {"metadata":{"emulator":{"name":"functions"},"function":{"name":"us-central1-api"},"message":"[runtime-status] [11292] Resolved module firebase-functions {\"declared\":true,\"installed\":true,\"version\":\"3.14.1\",\"resolution\":\"C:\\\\Users\\\\adars\\\\Desktop\\\\amazon-clone\\\\functions\\\\node_modules\\\\firebase-functions\\\\lib\\\\index.js\"}"}}
[debug] [2021-07-22T22:06:36.604Z] [runtime-status] [11292] Resolved module firebase-admin {"declared":true,"installed":true,"version":"9.11.0","resolution":"C:\\Users\\adars\\Desktop\\amazon-clone\\functions\\node_modules\\firebase-admin\\lib\\index.js"} {"metadata":{"emulator":{"name":"functions"},"function":{"name":"us-central1-api"},"message":"[runtime-status] [11292] Resolved module firebase-admin {\"declared\":true,\"installed\":true,\"version\":\"9.11.0\",\"resolution\":\"C:\\\\Users\\\\adars\\\\Desktop\\\\amazon-clone\\\\functions\\\\node_modules\\\\firebase-admin\\\\lib\\\\index.js\"}"}}
[debug] [2021-07-22T22:06:36.605Z] [runtime-status] [11292] Resolved module firebase-functions {"declared":true,"installed":true,"version":"3.14.1","resolution":"C:\\Users\\adars\\Desktop\\amazon-clone\\functions\\node_modules\\firebase-functions\\lib\\index.js"} {"metadata":{"emulator":{"name":"functions"},"function":{"name":"us-central1-api"},"message":"[runtime-status] [11292] Resolved module firebase-functions {\"declared\":true,\"installed\":true,\"version\":\"3.14.1\",\"resolution\":\"C:\\\\Users\\\\adars\\\\Desktop\\\\amazon-clone\\\\functions\\\\node_modules\\\\firebase-functions\\\\lib\\\\index.js\"}"}}
[debug] [2021-07-22T22:06:36.605Z] [runtime-status] [11292] firebase-admin has been stubbed. {"adminResolution":{"declared":true,"installed":true,"version":"9.11.0","resolution":"C:\\Users\\adars\\Desktop\\amazon-clone\\functions\\node_modules\\firebase-admin\\lib\\index.js"}} {"metadata":{"emulator":{"name":"functions"},"function":{"name":"us-central1-api"},"message":"[runtime-status] [11292] firebase-admin has been stubbed. {\"adminResolution\":{\"declared\":true,\"installed\":true,\"version\":\"9.11.0\",\"resolution\":\"C:\\\\Users\\\\adars\\\\Desktop\\\\amazon-clone\\\\functions\\\\node_modules\\\\firebase-admin\\\\lib\\\\index.js\"}}"}}
[debug] [2021-07-22T22:06:36.826Z] [runtime-status] [11292] Trigger "us-central1-api" has been found, beginning invocation! {"metadata":{"emulator":{"name":"functions"},"function":{"name":"us-central1-api"},"message":"[runtime-status] [11292] Trigger \"us-central1-api\" has been found, beginning invocation!"}}
[info] i  functions: Beginning execution of "us-central1-api" {"metadata":{"emulator":{"name":"functions"},"function":{"name":"us-central1-api"},"message":"Beginning execution of \"us-central1-api\""}}
[debug] [2021-07-22T22:06:36.827Z] [runtime-status] [11292] triggerDefinition {"httpsTrigger":{},"name":"api","entryPoint":"api","regions":["us-central1"],"region":"us-central1","id":"us-central1-api"} {"metadata":{"emulator":{"name":"functions"},"function":{"name":"us-central1-api"},"message":"[runtime-status] [11292] triggerDefinition {\"httpsTrigger\":{},\"name\":\"api\",\"entryPoint\":\"api\",\"regions\":[\"us-central1\"],\"region\":\"us-central1\",\"id\":\"us-central1-api\"}"}}
[debug] [2021-07-22T22:06:36.828Z] [runtime-status] [11292] Running us-central1-api in mode HTTPS {"metadata":{"emulator":{"name":"functions"},"function":{"name":"us-central1-api"},"message":"[runtime-status] [11292] Running us-central1-api in mode HTTPS"}}
[debug] [2021-07-22T22:06:36.832Z] [runtime-status] [11292] Attempting to listen to socketPath: \\?\pipe\C:\Users\adars\Desktop\amazon-clone\functions\11292 {"metadata":{"emulator":{"name":"functions"},"function":{"name":"us-central1-api"},"message":"[runtime-status] [11292] Attempting to listen to socketPath: \\\\?\\pipe\\C:\\Users\\adars\\Desktop\\amazon-clone\\functions\\11292"}}
[debug] [2021-07-22T22:06:36.835Z] [functions] Runtime ready! Sending request! {"metadata":{"emulator":{"name":"functions"},"message":"[functions] Runtime ready! Sending request!"}}
[debug] [2021-07-22T22:06:36.836Z] [functions] Got req.url=/challenge-603b1/us-central1/api/payments/create?total=239000, mapping to path=/payments/create?total=239000 {"metadata":{"emulator":{"name":"functions"},"message":"[functions] Got req.url=/challenge-603b1/us-central1/api/payments/create?total=239000, mapping to path=/payments/create?total=239000"}}
[debug] [2021-07-22T22:06:36.850Z] [runtime-status] [11292] Ephemeral server handling POST request {"metadata":{"emulator":{"name":"functions"},"function":{"name":"us-central1-api"},"message":"[runtime-status] [11292] Ephemeral server handling POST request"}}
[info] >  Payment Request Recieved BOOM!!! for this amount >>>  239000 {"user":"Payment Request Recieved BOOM!!! for this amount >>>  239000","metadata":{"emulator":{"name":"functions"},"function":{"name":"us-central1-api"},"message":"\u001b[90m> \u001b[39m Payment Request Recieved BOOM!!! for this amount >>>  239000"}}
[debug] [2021-07-22T22:06:36.865Z] [runtime-status] [11292] Ephemeral server survived. {"metadata":{"emulator":{"name":"functions"},"function":{"name":"us-central1-api"},"message":"[runtime-status] [11292] Ephemeral server survived."}}
[info] i  functions: Finished "us-central1-api" in ~1s {"metadata":{"emulator":{"name":"functions"},"function":{"name":"us-central1-api"},"message":"Finished \"us-central1-api\" in ~1s"}}
[debug] [2021-07-22T22:06:37.670Z] [worker-us-central1-api-810dc2ec-1458-4399-ae03-3f272becda78]: IDLE {"metadata":{"emulator":{"name":"functions"},"message":"[worker-us-central1-api-810dc2ec-1458-4399-ae03-3f272becda78]: IDLE"}}
[debug] [2021-07-22T22:06:37.670Z] [work-queue] {"queueLength":0,"workRunningCount":0}
[debug] [2021-07-22T22:06:52.401Z] [work-queue] {"queueLength":1,"workRunningCount":0}
[debug] [2021-07-22T22:06:52.401Z] [work-queue] {"queueLength":0,"workRunningCount":1}
[debug] [2021-07-22T22:06:52.401Z] Accepted request POST /challenge-603b1/us-central1/api/payments/create?total=0 --> us-central1-api
[debug] [2021-07-22T22:06:52.402Z] [worker-pool] submitWork(triggerId=us-central1-api) {"metadata":{"emulator":{"name":"functions"},"message":"[worker-pool] submitWork(triggerId=us-central1-api)"}}
[debug] [2021-07-22T22:06:52.402Z] [worker-us-central1-api-810dc2ec-1458-4399-ae03-3f272becda78]: Assigning socketPath: \\?\pipe\C:\Users\adars\Desktop\amazon-clone\functions\11292 {"metadata":{"emulator":{"name":"functions"},"message":"[worker-us-central1-api-810dc2ec-1458-4399-ae03-3f272becda78]: Assigning socketPath: \\\\?\\pipe\\C:\\Users\\adars\\Desktop\\amazon-clone\\functions\\11292"}}
[debug] [2021-07-22T22:06:52.402Z] [worker-us-central1-api-810dc2ec-1458-4399-ae03-3f272becda78]: BUSY {"metadata":{"emulator":{"name":"functions"},"message":"[worker-us-central1-api-810dc2ec-1458-4399-ae03-3f272becda78]: BUSY"}}
[debug] [2021-07-22T22:06:52.403Z] [runtime-status] [11292] Trigger "us-central1-api" has been found, beginning invocation! {"metadata":{"emulator":{"name":"functions"},"function":{"name":"us-central1-api"},"message":"[runtime-status] [11292] Trigger \"us-central1-api\" has been found, beginning invocation!"}}
[info] i  functions: Beginning execution of "us-central1-api" {"metadata":{"emulator":{"name":"functions"},"function":{"name":"us-central1-api"},"message":"Beginning execution of \"us-central1-api\""}}
[debug] [2021-07-22T22:06:52.408Z] [runtime-status] [11292] triggerDefinition {"httpsTrigger":{},"name":"api","entryPoint":"api","regions":["us-central1"],"region":"us-central1","id":"us-central1-api"} {"metadata":{"emulator":{"name":"functions"},"function":{"name":"us-central1-api"},"message":"[runtime-status] [11292] triggerDefinition {\"httpsTrigger\":{},\"name\":\"api\",\"entryPoint\":\"api\",\"regions\":[\"us-central1\"],\"region\":\"us-central1\",\"id\":\"us-central1-api\"}"}}
[debug] [2021-07-22T22:06:52.409Z] [runtime-status] [11292] Running us-central1-api in mode HTTPS {"metadata":{"emulator":{"name":"functions"},"function":{"name":"us-central1-api"},"message":"[runtime-status] [11292] Running us-central1-api in mode HTTPS"}}
[debug] [2021-07-22T22:06:52.409Z] [runtime-status] [11292] Attempting to listen to socketPath: \\?\pipe\C:\Users\adars\Desktop\amazon-clone\functions\11292 {"metadata":{"emulator":{"name":"functions"},"function":{"name":"us-central1-api"},"message":"[runtime-status] [11292] Attempting to listen to socketPath: \\\\?\\pipe\\C:\\Users\\adars\\Desktop\\amazon-clone\\functions\\11292"}}
[debug] [2021-07-22T22:06:52.411Z] [functions] Runtime ready! Sending request! {"metadata":{"emulator":{"name":"functions"},"message":"[functions] Runtime ready! Sending request!"}}
[debug] [2021-07-22T22:06:52.412Z] [functions] Got req.url=/challenge-603b1/us-central1/api/payments/create?total=0, mapping to path=/payments/create?total=0 {"metadata":{"emulator":{"name":"functions"},"message":"[functions] Got req.url=/challenge-603b1/us-central1/api/payments/create?total=0, mapping to path=/payments/create?total=0"}}
[debug] [2021-07-22T22:06:52.419Z] [runtime-status] [11292] Ephemeral server handling POST request {"metadata":{"emulator":{"name":"functions"},"function":{"name":"us-central1-api"},"message":"[runtime-status] [11292] Ephemeral server handling POST request"}}
[info] >  Payment Request Recieved BOOM!!! for this amount >>>  0 {"user":"Payment Request Recieved BOOM!!! for this amount >>>  0","metadata":{"emulator":{"name":"functions"},"function":{"name":"us-central1-api"},"message":"\u001b[90m> \u001b[39m Payment Request Recieved BOOM!!! for this amount >>>  0"}}
[debug] [2021-07-22T22:06:52.433Z] [runtime-status] [11292] Ephemeral server survived. {"metadata":{"emulator":{"name":"functions"},"function":{"name":"us-central1-api"},"message":"[runtime-status] [11292] Ephemeral server survived."}}
[info] >  (node:11292) UnhandledPromiseRejectionWarning: Error: This value must be greater than or equal to 1. {"user":"(node:11292) UnhandledPromiseRejectionWarning: Error: This value must be greater than or equal to 1.","metadata":{"emulator":{"name":"functions"},"function":{"name":"us-central1-api"},"message":"\u001b[90m> \u001b[39m (node:11292) UnhandledPromiseRejectionWarning: Error: This value must be greater than or equal to 1."}}
[info] >      at Function.generate (C:\Users\adars\Desktop\amazon-clone\functions\node_modules\stripe\lib\Error.js:40:16) {"user":"    at Function.generate (C:\\Users\\adars\\Desktop\\amazon-clone\\functions\\node_modules\\stripe\\lib\\Error.js:40:16)","metadata":{"emulator":{"name":"functions"},"function":{"name":"us-central1-api"},"message":"\u001b[90m> \u001b[39m     at Function.generate (C:\\Users\\adars\\Desktop\\amazon-clone\\functions\\node_modules\\stripe\\lib\\Error.js:40:16)"}}
[info] >      at IncomingMessage.<anonymous> (C:\Users\adars\Desktop\amazon-clone\functions\node_modules\stripe\lib\StripeResource.js:203:33) {"user":"    at IncomingMessage.<anonymous> (C:\\Users\\adars\\Desktop\\amazon-clone\\functions\\node_modules\\stripe\\lib\\StripeResource.js:203:33)","metadata":{"emulator":{"name":"functions"},"function":{"name":"us-central1-api"},"message":"\u001b[90m> \u001b[39m     at IncomingMessage.<anonymous> (C:\\Users\\adars\\Desktop\\amazon-clone\\functions\\node_modules\\stripe\\lib\\StripeResource.js:203:33)"}}
[info] >      at Object.onceWrapper (events.js:481:28) {"user":"    at Object.onceWrapper (events.js:481:28)","metadata":{"emulator":{"name":"functions"},"function":{"name":"us-central1-api"},"message":"\u001b[90m> \u001b[39m     at Object.onceWrapper (events.js:481:28)"}}
[info] >      at IncomingMessage.emit (events.js:387:35) {"user":"    at IncomingMessage.emit (events.js:387:35)","metadata":{"emulator":{"name":"functions"},"function":{"name":"us-central1-api"},"message":"\u001b[90m> \u001b[39m     at IncomingMessage.emit (events.js:387:35)"}}
[info] >      at endReadableNT (internal/streams/readable.js:1317:12) {"user":"    at endReadableNT (internal/streams/readable.js:1317:12)","metadata":{"emulator":{"name":"functions"},"function":{"name":"us-central1-api"},"message":"\u001b[90m> \u001b[39m     at endReadableNT (internal/streams/readable.js:1317:12)"}}
[info] >      at processTicksAndRejections (internal/process/task_queues.js:82:21) {"user":"    at processTicksAndRejections (internal/process/task_queues.js:82:21)","metadata":{"emulator":{"name":"functions"},"function":{"name":"us-central1-api"},"message":"\u001b[90m> \u001b[39m     at processTicksAndRejections (internal/process/task_queues.js:82:21)"}}
[info] >  (Use `node --trace-warnings ...` to show where the warning was created) {"user":"(Use `node --trace-warnings ...` to show where the warning was created)","metadata":{"emulator":{"name":"functions"},"function":{"name":"us-central1-api"},"message":"\u001b[90m> \u001b[39m (Use `node --trace-warnings ...` to show where the warning was created)"}}
[info] >  (node:11292) UnhandledPromiseRejectionWarning: Unhandled promise rejection. This error originated either by throwing inside of an async function without a catch block, or by rejecting a promise which was not handled with .catch(). To terminate the node process on unhandled promise rejection, use the CLI flag `--unhandled-rejections=strict` (see https://nodejs.org/api/cli.html#cli_unhandled_rejections_mode). (rejection id: 1) {"user":"(node:11292) UnhandledPromiseRejectionWarning: Unhandled promise rejection. This error originated either by throwing inside of an async function without a catch block, or by rejecting a promise which was not handled with .catch(). To terminate the node process on unhandled promise rejection, use the CLI flag `--unhandled-rejections=strict` (see https://nodejs.org/api/cli.html#cli_unhandled_rejections_mode). (rejection id: 1)","metadata":{"emulator":{"name":"functions"},"function":{"name":"us-central1-api"},"message":"\u001b[90m> \u001b[39m (node:11292) UnhandledPromiseRejectionWarning: Unhandled promise rejection. This error originated either by throwing inside of an async function without a catch block, or by rejecting a promise which was not handled with .catch(). To terminate the node process on unhandled promise rejection, use the CLI flag `--unhandled-rejections=strict` (see https://nodejs.org/api/cli.html#cli_unhandled_rejections_mode). (rejection id: 1)"}}
[info] >  (node:11292) [DEP0018] DeprecationWarning: Unhandled promise rejections are deprecated. In the future, promise rejections that are not handled will terminate the Node.js process with a non-zero exit code. {"user":"(node:11292) [DEP0018] DeprecationWarning: Unhandled promise rejections are deprecated. In the future, promise rejections that are not handled will terminate the Node.js process with a non-zero exit code.","metadata":{"emulator":{"name":"functions"},"function":{"name":"us-central1-api"},"message":"\u001b[90m> \u001b[39m (node:11292) [DEP0018] DeprecationWarning: Unhandled promise rejections are deprecated. In the future, promise rejections that are not handled will terminate the Node.js process with a non-zero exit code."}}
[warn] !  functions: Your function timed out after ~60s. To configure this timeout, see
      https://firebase.google.com/docs/functions/manage-functions#set_timeout_and_memory_allocation. {"metadata":{"emulator":{"name":"functions"},"function":{"name":"us-central1-api"},"message":"Your function timed out after ~60s. To configure this timeout, see\n      https://firebase.google.com/docs/functions/manage-functions#set_timeout_and_memory_allocation."}}
[info] >  C:\Users\adars\AppData\Roaming\npm\node_modules\firebase-tools\lib\emulator\functionsEmulatorRuntime.js:651 {"user":"C:\\Users\\adars\\AppData\\Roaming\\npm\\node_modules\\firebase-tools\\lib\\emulator\\functionsEmulatorRuntime.js:651\r","metadata":{"emulator":{"name":"functions"},"function":{"name":"us-central1-api"},"message":"\u001b[90m> \u001b[39m C:\\Users\\adars\\AppData\\Roaming\\npm\\node_modules\\firebase-tools\\lib\\emulator\\functionsEmulatorRuntime.js:651\r"}}
[info] >              throw new Error("Function timed out."); {"user":"            throw new Error(\"Function timed out.\");\r","metadata":{"emulator":{"name":"functions"},"function":{"name":"us-central1-api"},"message":"\u001b[90m> \u001b[39m             throw new Error(\"Function timed out.\");\r"}}
[info] >              ^ {"user":"            ^\r","metadata":{"emulator":{"name":"functions"},"function":{"name":"us-central1-api"},"message":"\u001b[90m> \u001b[39m             ^\r"}}
[info] >   {"user":"\r","metadata":{"emulator":{"name":"functions"},"function":{"name":"us-central1-api"},"message":"\u001b[90m> \u001b[39m \r"}}
[info] >  Error: Function timed out. {"user":"Error: Function timed out.\r","metadata":{"emulator":{"name":"functions"},"function":{"name":"us-central1-api"},"message":"\u001b[90m> \u001b[39m Error: Function timed out.\r"}}
[info] >      at Timeout._onTimeout (C:\Users\adars\AppData\Roaming\npm\node_modules\firebase-tools\lib\emulator\functionsEmulatorRuntime.js:651:19) {"user":"    at Timeout._onTimeout (C:\\Users\\adars\\AppData\\Roaming\\npm\\node_modules\\firebase-tools\\lib\\emulator\\functionsEmulatorRuntime.js:651:19)\r","metadata":{"emulator":{"name":"functions"},"function":{"name":"us-central1-api"},"message":"\u001b[90m> \u001b[39m     at Timeout._onTimeout (C:\\Users\\adars\\AppData\\Roaming\\npm\\node_modules\\firebase-tools\\lib\\emulator\\functionsEmulatorRuntime.js:651:19)\r"}}
[info] >      at listOnTimeout (internal/timers.js:557:17) {"user":"    at listOnTimeout (internal/timers.js:557:17)\r","metadata":{"emulator":{"name":"functions"},"function":{"name":"us-central1-api"},"message":"\u001b[90m> \u001b[39m     at listOnTimeout (internal/timers.js:557:17)\r"}}
[info] >      at processTimers (internal/timers.js:500:7) {"user":"    at processTimers (internal/timers.js:500:7)\r","metadata":{"emulator":{"name":"functions"},"function":{"name":"us-central1-api"},"message":"\u001b[90m> \u001b[39m     at processTimers (internal/timers.js:500:7)\r"}}
[debug] [2021-07-22T22:07:52.438Z] [worker-us-central1-api-810dc2ec-1458-4399-ae03-3f272becda78]: exited {"metadata":{"emulator":{"name":"functions"},"message":"[worker-us-central1-api-810dc2ec-1458-4399-ae03-3f272becda78]: exited"}}
[debug] [2021-07-22T22:07:52.438Z] [worker-us-central1-api-810dc2ec-1458-4399-ae03-3f272becda78]: FINISHED {"metadata":{"emulator":{"name":"functions"},"message":"[worker-us-central1-api-810dc2ec-1458-4399-ae03-3f272becda78]: FINISHED"}}
[debug] [2021-07-22T22:07:52.439Z] [work-queue] {"queueLength":0,"workRunningCount":0}
